2022-01-08 01:30:53.962  INFO 20756 --- [main] c.o.p.reminders.RemindersApplication     : Starting RemindersApplication using Java 11.0.8 on LHTU05CG0181JP7 with PID 20756 (C:\Users\ysharm13\Desktop\personal-assistant\personal-assistant\reminders\target\classes started by ysharm13 in C:\Users\ysharm13\Desktop\personal-assistant\personal-assistant)
2022-01-08 01:30:53.966 DEBUG 20756 --- [main] c.o.p.reminders.RemindersApplication     : Running with Spring Boot v2.6.2, Spring v5.3.14
2022-01-08 01:30:53.966  INFO 20756 --- [main] c.o.p.reminders.RemindersApplication     : The following profiles are active: development
2022-01-08 01:30:57.066  INFO 20756 --- [main] o.apache.catalina.core.StandardService   : Starting service [Tomcat]
2022-01-08 01:30:57.066  INFO 20756 --- [main] org.apache.catalina.core.StandardEngine  : Starting Servlet engine: [Apache Tomcat/9.0.56]
2022-01-08 01:30:57.310  INFO 20756 --- [main] o.a.c.c.C.[Tomcat].[localhost].[/]       : Initializing Spring embedded WebApplicationContext
2022-01-08 01:30:57.749  INFO 20756 --- [main] o.hibernate.jpa.internal.util.LogHelper  : HHH000204: Processing PersistenceUnitInfo [name: default]
2022-01-08 01:30:57.854  INFO 20756 --- [main] org.hibernate.Version                    : HHH000412: Hibernate ORM core version 5.6.3.Final
2022-01-08 01:30:58.191  INFO 20756 --- [main] o.hibernate.annotations.common.Version   : HCANN000001: Hibernate Commons Annotations {5.1.2.Final}
2022-01-08 01:30:58.379  INFO 20756 --- [main] com.zaxxer.hikari.HikariDataSource       : HikariPool-1 - Starting...
2022-01-08 01:30:58.893  INFO 20756 --- [main] com.zaxxer.hikari.HikariDataSource       : HikariPool-1 - Start completed.
2022-01-08 01:30:58.914  INFO 20756 --- [main] org.hibernate.dialect.Dialect            : HHH000400: Using dialect: org.hibernate.dialect.Oracle10gDialect
2022-01-08 01:31:11.674  INFO 20756 --- [main] o.h.e.t.j.p.i.JtaPlatformInitiator       : HHH000490: Using JtaPlatform implementation: [org.hibernate.engine.transaction.jta.platform.internal.NoJtaPlatform]
2022-01-08 01:31:13.223  INFO 20756 --- [main] com.netflix.discovery.DiscoveryClient    : Initializing Eureka in region us-east-1
2022-01-08 01:31:13.233  INFO 20756 --- [main] c.n.d.s.r.aws.ConfigClusterResolver      : Resolving eureka endpoints via configuration
2022-01-08 01:31:13.271  INFO 20756 --- [main] com.netflix.discovery.DiscoveryClient    : Disable delta property : false
2022-01-08 01:31:13.271  INFO 20756 --- [main] com.netflix.discovery.DiscoveryClient    : Single vip registry refresh property : null
2022-01-08 01:31:13.271  INFO 20756 --- [main] com.netflix.discovery.DiscoveryClient    : Force full registry fetch : false
2022-01-08 01:31:13.271  INFO 20756 --- [main] com.netflix.discovery.DiscoveryClient    : Application is null : false
2022-01-08 01:31:13.271  INFO 20756 --- [main] com.netflix.discovery.DiscoveryClient    : Registered Applications size is zero : true
2022-01-08 01:31:13.277  INFO 20756 --- [main] com.netflix.discovery.DiscoveryClient    : Application version is -1: true
2022-01-08 01:31:13.277  INFO 20756 --- [main] com.netflix.discovery.DiscoveryClient    : Getting all instance registry info from the eureka server
2022-01-08 01:31:13.611  INFO 20756 --- [main] com.netflix.discovery.DiscoveryClient    : The response status is 200
2022-01-08 01:31:13.614  INFO 20756 --- [main] com.netflix.discovery.DiscoveryClient    : Starting heartbeat executor: renew interval is: 30
2022-01-08 01:31:13.614  INFO 20756 --- [main] c.n.discovery.InstanceInfoReplicator     : InstanceInfoReplicator onDemand update allowed rate per min is 4
2022-01-08 01:31:13.614  INFO 20756 --- [main] com.netflix.discovery.DiscoveryClient    : Discovery Client initialized at timestamp 1641585673614 with initial instances count: 3
2022-01-08 01:31:13.614  INFO 20756 --- [main] com.netflix.discovery.DiscoveryClient    : Saw local status change event StatusChangeEvent [timestamp=1641585673614, current=UP, previous=STARTING]
2022-01-08 01:31:13.614  INFO 20756 --- [DiscoveryClient-InstanceInfoReplicator-0] com.netflix.discovery.DiscoveryClient    : DiscoveryClient_REMINDERS-SERVICE/host.docker.internal:reminders-service:8082: registering service...
2022-01-08 01:31:13.693  INFO 20756 --- [DiscoveryClient-InstanceInfoReplicator-0] com.netflix.discovery.DiscoveryClient    : DiscoveryClient_REMINDERS-SERVICE/host.docker.internal:reminders-service:8082 - registration status: 204
2022-01-08 01:31:14.060  INFO 20756 --- [main] c.o.p.reminders.RemindersApplication     : Started RemindersApplication in 23.828 seconds (JVM running for 25.411)
