2022-01-08 01:32:54.717  INFO 19772 --- [main] c.o.p.n.l.NotesServiceApplication        : Starting NotesServiceApplication using Java 11.0.8 on LHTU05CG0181JP7 with PID 19772 (C:\Users\ysharm13\Desktop\personal-assistant\personal-assistant\notes\target\classes started by ysharm13 in C:\Users\ysharm13\Desktop\personal-assistant\personal-assistant)
2022-01-08 01:32:54.717 DEBUG 19772 --- [main] c.o.p.n.l.NotesServiceApplication        : Running with Spring Boot v2.6.2, Spring v5.3.14
2022-01-08 01:32:54.717  INFO 19772 --- [main] c.o.p.n.l.NotesServiceApplication        : The following profiles are active: development
2022-01-08 01:32:56.691  INFO 19772 --- [main] o.apache.catalina.core.StandardService   : Starting service [Tomcat]
2022-01-08 01:32:56.691  INFO 19772 --- [main] org.apache.catalina.core.StandardEngine  : Starting Servlet engine: [Apache Tomcat/9.0.56]
2022-01-08 01:32:56.879  INFO 19772 --- [main] o.a.c.c.C.[Tomcat].[localhost].[/]       : Initializing Spring embedded WebApplicationContext
2022-01-08 01:32:57.177  INFO 19772 --- [main] o.hibernate.jpa.internal.util.LogHelper  : HHH000204: Processing PersistenceUnitInfo [name: default]
2022-01-08 01:32:57.226  INFO 19772 --- [main] org.hibernate.Version                    : HHH000412: Hibernate ORM core version 5.6.3.Final
2022-01-08 01:32:57.408  INFO 19772 --- [main] o.hibernate.annotations.common.Version   : HCANN000001: Hibernate Commons Annotations {5.1.2.Final}
2022-01-08 01:32:57.522  INFO 19772 --- [main] com.zaxxer.hikari.HikariDataSource       : HikariPool-1 - Starting...
2022-01-08 01:32:57.830  INFO 19772 --- [main] com.zaxxer.hikari.HikariDataSource       : HikariPool-1 - Start completed.
2022-01-08 01:32:57.846  INFO 19772 --- [main] org.hibernate.dialect.Dialect            : HHH000400: Using dialect: org.hibernate.dialect.Oracle10gDialect
2022-01-08 01:33:06.403  INFO 19772 --- [main] o.h.e.t.j.p.i.JtaPlatformInitiator       : HHH000490: Using JtaPlatform implementation: [org.hibernate.engine.transaction.jta.platform.internal.NoJtaPlatform]
2022-01-08 01:33:08.016  INFO 19772 --- [main] com.netflix.discovery.DiscoveryClient    : Initializing Eureka in region us-east-1
2022-01-08 01:33:08.032  INFO 19772 --- [main] c.n.d.s.r.aws.ConfigClusterResolver      : Resolving eureka endpoints via configuration
2022-01-08 01:33:08.056  INFO 19772 --- [main] com.netflix.discovery.DiscoveryClient    : Disable delta property : false
2022-01-08 01:33:08.056  INFO 19772 --- [main] com.netflix.discovery.DiscoveryClient    : Single vip registry refresh property : null
2022-01-08 01:33:08.056  INFO 19772 --- [main] com.netflix.discovery.DiscoveryClient    : Force full registry fetch : false
2022-01-08 01:33:08.056  INFO 19772 --- [main] com.netflix.discovery.DiscoveryClient    : Application is null : false
2022-01-08 01:33:08.056  INFO 19772 --- [main] com.netflix.discovery.DiscoveryClient    : Registered Applications size is zero : true
2022-01-08 01:33:08.064  INFO 19772 --- [main] com.netflix.discovery.DiscoveryClient    : Application version is -1: true
2022-01-08 01:33:08.064  INFO 19772 --- [main] com.netflix.discovery.DiscoveryClient    : Getting all instance registry info from the eureka server
2022-01-08 01:33:08.338  INFO 19772 --- [main] com.netflix.discovery.DiscoveryClient    : The response status is 200
2022-01-08 01:33:08.343  INFO 19772 --- [main] com.netflix.discovery.DiscoveryClient    : Starting heartbeat executor: renew interval is: 30
2022-01-08 01:33:08.348  INFO 19772 --- [main] c.n.discovery.InstanceInfoReplicator     : InstanceInfoReplicator onDemand update allowed rate per min is 4
2022-01-08 01:33:08.354  INFO 19772 --- [main] com.netflix.discovery.DiscoveryClient    : Discovery Client initialized at timestamp 1641585788354 with initial instances count: 3
2022-01-08 01:33:08.357  INFO 19772 --- [main] com.netflix.discovery.DiscoveryClient    : Saw local status change event StatusChangeEvent [timestamp=1641585788357, current=UP, previous=STARTING]
2022-01-08 01:33:08.361  INFO 19772 --- [DiscoveryClient-InstanceInfoReplicator-0] com.netflix.discovery.DiscoveryClient    : DiscoveryClient_NOTES-SERVICE/host.docker.internal:notes-service:8081: registering service...
2022-01-08 01:33:08.400  INFO 19772 --- [DiscoveryClient-InstanceInfoReplicator-0] com.netflix.discovery.DiscoveryClient    : DiscoveryClient_NOTES-SERVICE/host.docker.internal:notes-service:8081 - registration status: 204
2022-01-08 01:33:08.633  INFO 19772 --- [main] c.o.p.n.l.NotesServiceApplication        : Started NotesServiceApplication in 15.519 seconds (JVM running for 16.173)
2022-01-08 01:34:24.517  INFO 22452 --- [main] c.o.p.n.l.NotesServiceApplication        : Starting NotesServiceApplication using Java 11.0.8 on LHTU05CG0181JP7 with PID 22452 (C:\Users\ysharm13\Desktop\personal-assistant\personal-assistant\notes\target\classes started by ysharm13 in C:\Users\ysharm13\Desktop\personal-assistant\personal-assistant)
2022-01-08 01:34:24.528 DEBUG 22452 --- [main] c.o.p.n.l.NotesServiceApplication        : Running with Spring Boot v2.6.2, Spring v5.3.14
2022-01-08 01:34:24.529  INFO 22452 --- [main] c.o.p.n.l.NotesServiceApplication        : The following profiles are active: development
2022-01-08 01:34:27.645  INFO 22452 --- [main] o.apache.catalina.core.StandardService   : Starting service [Tomcat]
2022-01-08 01:34:27.645  INFO 22452 --- [main] org.apache.catalina.core.StandardEngine  : Starting Servlet engine: [Apache Tomcat/9.0.56]
2022-01-08 01:34:27.960  INFO 22452 --- [main] o.a.c.c.C.[Tomcat].[localhost].[/]       : Initializing Spring embedded WebApplicationContext
2022-01-08 01:34:28.384  INFO 22452 --- [main] o.hibernate.jpa.internal.util.LogHelper  : HHH000204: Processing PersistenceUnitInfo [name: default]
2022-01-08 01:34:28.485  INFO 22452 --- [main] org.hibernate.Version                    : HHH000412: Hibernate ORM core version 5.6.3.Final
2022-01-08 01:34:28.810  INFO 22452 --- [main] o.hibernate.annotations.common.Version   : HCANN000001: Hibernate Commons Annotations {5.1.2.Final}
2022-01-08 01:34:28.959  INFO 22452 --- [main] com.zaxxer.hikari.HikariDataSource       : HikariPool-1 - Starting...
2022-01-08 01:34:29.428  INFO 22452 --- [main] com.zaxxer.hikari.HikariDataSource       : HikariPool-1 - Start completed.
2022-01-08 01:34:29.444  INFO 22452 --- [main] org.hibernate.dialect.Dialect            : HHH000400: Using dialect: org.hibernate.dialect.Oracle10gDialect
2022-01-08 01:34:41.532  INFO 22452 --- [main] o.h.e.t.j.p.i.JtaPlatformInitiator       : HHH000490: Using JtaPlatform implementation: [org.hibernate.engine.transaction.jta.platform.internal.NoJtaPlatform]
2022-01-08 01:34:43.386  INFO 22452 --- [main] com.netflix.discovery.DiscoveryClient    : Initializing Eureka in region us-east-1
2022-01-08 01:34:43.402  INFO 22452 --- [main] c.n.d.s.r.aws.ConfigClusterResolver      : Resolving eureka endpoints via configuration
2022-01-08 01:34:43.435  INFO 22452 --- [main] com.netflix.discovery.DiscoveryClient    : Disable delta property : false
2022-01-08 01:34:43.443  INFO 22452 --- [main] com.netflix.discovery.DiscoveryClient    : Single vip registry refresh property : null
2022-01-08 01:34:43.443  INFO 22452 --- [main] com.netflix.discovery.DiscoveryClient    : Force full registry fetch : false
2022-01-08 01:34:43.443  INFO 22452 --- [main] com.netflix.discovery.DiscoveryClient    : Application is null : false
2022-01-08 01:34:43.443  INFO 22452 --- [main] com.netflix.discovery.DiscoveryClient    : Registered Applications size is zero : true
2022-01-08 01:34:43.443  INFO 22452 --- [main] com.netflix.discovery.DiscoveryClient    : Application version is -1: true
2022-01-08 01:34:43.443  INFO 22452 --- [main] com.netflix.discovery.DiscoveryClient    : Getting all instance registry info from the eureka server
2022-01-08 01:34:43.825  INFO 22452 --- [main] com.netflix.discovery.DiscoveryClient    : The response status is 200
2022-01-08 01:34:43.831  INFO 22452 --- [main] com.netflix.discovery.DiscoveryClient    : Starting heartbeat executor: renew interval is: 30
2022-01-08 01:34:43.832  INFO 22452 --- [main] c.n.discovery.InstanceInfoReplicator     : InstanceInfoReplicator onDemand update allowed rate per min is 4
2022-01-08 01:34:43.832  INFO 22452 --- [main] com.netflix.discovery.DiscoveryClient    : Discovery Client initialized at timestamp 1641585883832 with initial instances count: 3
2022-01-08 01:34:43.846  INFO 22452 --- [main] com.netflix.discovery.DiscoveryClient    : Saw local status change event StatusChangeEvent [timestamp=1641585883846, current=UP, previous=STARTING]
2022-01-08 01:34:43.855  INFO 22452 --- [DiscoveryClient-InstanceInfoReplicator-0] com.netflix.discovery.DiscoveryClient    : DiscoveryClient_NOTES-SERVICE/host.docker.internal:notes-service:8081: registering service...
2022-01-08 01:34:43.981  INFO 22452 --- [DiscoveryClient-InstanceInfoReplicator-0] com.netflix.discovery.DiscoveryClient    : DiscoveryClient_NOTES-SERVICE/host.docker.internal:notes-service:8081 - registration status: 204
2022-01-08 01:34:44.262  INFO 22452 --- [main] c.o.p.n.l.NotesServiceApplication        : Started NotesServiceApplication in 22.698 seconds (JVM running for 23.78)
2022-01-08 01:39:43.449  INFO 22452 --- [AsyncResolver-bootstrap-executor-0] c.n.d.s.r.aws.ConfigClusterResolver      : Resolving eureka endpoints via configuration
2022-01-08 01:44:43.466  INFO 22452 --- [AsyncResolver-bootstrap-executor-0] c.n.d.s.r.aws.ConfigClusterResolver      : Resolving eureka endpoints via configuration
2022-01-08 01:49:43.469  INFO 22452 --- [AsyncResolver-bootstrap-executor-0] c.n.d.s.r.aws.ConfigClusterResolver      : Resolving eureka endpoints via configuration
